<?xml version="1.0" encoding="UTF-8"?>
<testsuite name="net.fourfinance.util.Test" tests="1" skipped="0" failures="0" errors="0" timestamp="2019-11-14T19:52:55" hostname="B273749" time="0.01">
  <properties/>
  <testcase name="testSortAndWrite" classname="net.fourfinance.util.Test" time="0.01"/>
  <system-out><![CDATA[]]></system-out>
  <system-err><![CDATA[]]></system-err>
</testsuite>
